<?xml version="1.0" encoding="UTF-8"?>
<!-- Generated by org.testng.reporters.JUnitXMLReporter -->
<testsuite hostname="ZIPLSY1664" ignored="0" name="TC001_verifyDiscardCard" tests="5" failures="1" timestamp="20 Nov 2017 13:34:07 GMT" time="130.834" errors="0">
  <testcase name="TCC00VerifyAddcCard" time="17.15" classname="LetsTrySelenium.Rainbow_Selenium_framework.RainbowHomePage.TCC00VerifyAddcCard"/>
  <testcase name="verifyDiscardCard" time="4.986" classname="LetsTrySelenium.Rainbow_Selenium_framework.RainbowHomePage.TC001_verifyDiscardCard">
    <skipped/>
  </testcase> <!-- verifyDiscardCard -->
  <testcase name="verifyDiscardCard" time="30.085" classname="LetsTrySelenium.Rainbow_Selenium_framework.RainbowHomePage.TC001_verifyDiscardCard">
    <skipped/>
  </testcase> <!-- verifyDiscardCard -->
  <testcase name="verifyDiscardCard" time="30.07" classname="LetsTrySelenium.Rainbow_Selenium_framework.RainbowHomePage.TC001_verifyDiscardCard">
    <skipped/>
  </testcase> <!-- verifyDiscardCard -->
  <testcase name="verifyDiscardCard" time="30.04" classname="LetsTrySelenium.Rainbow_Selenium_framework.RainbowHomePage.TC001_verifyDiscardCard">
    <failure type="org.openqa.selenium.NoSuchElementException" message="no such element: Unable to locate element: {&amp;quot;method&amp;quot;:&amp;quot;xpath&amp;quot;,&amp;quot;selector&amp;quot;:&amp;quot;.//*[@id=&amp;apos;emailAddressGhost&amp;apos;]&amp;quot;}
  (Session info: chrome=62.0.3202.89)
  (Driver info: chromedriver=2.33.506120 (e3e53437346286c0bc2d2dc9aa4915ba81d9023f),platform=Windows NT 10.0.14393 x86_64) (WARNING: The server did not provide any stacktrace information)
Command duration or timeout: 30.04 seconds
For documentation on this error, please visit: http://seleniumhq.org/exceptions/no_such_element.html
Build info: version: &amp;apos;3.4.0&amp;apos;, revision: &amp;apos;unknown&amp;apos;, time: &amp;apos;unknown&amp;apos;
System info: host: &amp;apos;ZIPLSY1664&amp;apos;, ip: &amp;apos;192.168.2.176&amp;apos;, os.name: &amp;apos;Windows 10&amp;apos;, os.arch: &amp;apos;amd64&amp;apos;, os.version: &amp;apos;10.0&amp;apos;, java.version: &amp;apos;1.8.0_121&amp;apos;
Driver info: org.openqa.selenium.chrome.ChromeDriver
Capabilities [{applicationCacheEnabled=false, rotatable=false, mobileEmulationEnabled=false, networkConnectionEnabled=false, chrome={chromedriverVersion=2.33.506120 (e3e53437346286c0bc2d2dc9aa4915ba81d9023f), userDataDir=C:\Users\AARTI~1.KUL\AppData\Local\Temp\scoped_dir15524_20607}, takesHeapSnapshot=true, pageLoadStrategy=normal, databaseEnabled=false, handlesAlerts=true, hasTouchScreen=false, version=62.0.3202.89, platform=XP, browserConnectionEnabled=false, nativeEvents=true, acceptSslCerts=true, locationContextEnabled=true, webStorageEnabled=true, browserName=chrome, takesScreenshot=true, javascriptEnabled=true, cssSelectorsEnabled=true, setWindowRect=true, unexpectedAlertBehaviour=}]
Session ID: 44101708b89cbf0e3d8a9712e50d2b67
*** Element info: {Using=xpath, value=.//*[@id=&amp;apos;emailAddressGhost&amp;apos;]}">
      <![CDATA[org.openqa.selenium.NoSuchElementException: no such element: Unable to locate element: {"method":"xpath","selector":".//*[@id='emailAddressGhost']"}
  (Session info: chrome=62.0.3202.89)
  (Driver info: chromedriver=2.33.506120 (e3e53437346286c0bc2d2dc9aa4915ba81d9023f),platform=Windows NT 10.0.14393 x86_64) (WARNING: The server did not provide any stacktrace information)
Command duration or timeout: 30.04 seconds
For documentation on this error, please visit: http://seleniumhq.org/exceptions/no_such_element.html
Build info: version: '3.4.0', revision: 'unknown', time: 'unknown'
System info: host: 'ZIPLSY1664', ip: '192.168.2.176', os.name: 'Windows 10', os.arch: 'amd64', os.version: '10.0', java.version: '1.8.0_121'
Driver info: org.openqa.selenium.chrome.ChromeDriver
Capabilities [{applicationCacheEnabled=false, rotatable=false, mobileEmulationEnabled=false, networkConnectionEnabled=false, chrome={chromedriverVersion=2.33.506120 (e3e53437346286c0bc2d2dc9aa4915ba81d9023f), userDataDir=C:\Users\AARTI~1.KUL\AppData\Local\Temp\scoped_dir15524_20607}, takesHeapSnapshot=true, pageLoadStrategy=normal, databaseEnabled=false, handlesAlerts=true, hasTouchScreen=false, version=62.0.3202.89, platform=XP, browserConnectionEnabled=false, nativeEvents=true, acceptSslCerts=true, locationContextEnabled=true, webStorageEnabled=true, browserName=chrome, takesScreenshot=true, javascriptEnabled=true, cssSelectorsEnabled=true, setWindowRect=true, unexpectedAlertBehaviour=}]
Session ID: 44101708b89cbf0e3d8a9712e50d2b67
*** Element info: {Using=xpath, value=.//*[@id='emailAddressGhost']}
	at org.openqa.selenium.remote.ErrorHandler.createThrowable(ErrorHandler.java:215)
	at org.openqa.selenium.remote.ErrorHandler.throwIfResponseFailed(ErrorHandler.java:167)
	at org.openqa.selenium.remote.RemoteWebDriver.execute(RemoteWebDriver.java:671)
	at org.openqa.selenium.remote.RemoteWebDriver.findElement(RemoteWebDriver.java:410)
	at org.openqa.selenium.remote.RemoteWebDriver.findElementByXPath(RemoteWebDriver.java:509)
	at org.openqa.selenium.By$ByXPath.findElement(By.java:361)
	at org.openqa.selenium.remote.RemoteWebDriver.findElement(RemoteWebDriver.java:402)
	at org.openqa.selenium.support.pagefactory.DefaultElementLocator.findElement(DefaultElementLocator.java:69)
	at org.openqa.selenium.support.pagefactory.internal.LocatingElementHandler.invoke(LocatingElementHandler.java:38)
	at com.sun.proxy.$Proxy12.click(Unknown Source)
	at LetsTrySelenium.Rainbow_Selenium_framework.uiActions.RainbowHomePage.loginApplication(RainbowHomePage.java:89)
	at LetsTrySelenium.Rainbow_Selenium_framework.RainbowHomePage.TC001_verifyDiscardCard.verifyDiscardCard(TC001_verifyDiscardCard.java:42)
... Removed 29 stack frames]]>
    </failure>
  </testcase> <!-- verifyDiscardCard -->
</testsuite> <!-- TC001_verifyDiscardCard -->
