<?xml version="1.0" encoding="UTF-8"?>
<!-- Generated by org.testng.reporters.JUnitXMLReporter -->
<testsuite hostname="ZIPLSY1664" ignored="0" name="Registration_Form_Test_Suite" tests="6" failures="0" timestamp="28 Nov 2017 06:55:25 GMT" time="20.898" errors="0">
  <testcase name="@BeforeTest setup" time="0.0" classname="DeltaxRegistration.Delatx_registartiongForm.Registration.Tc_003_VerifyRegistrationForIncorrectConfirmPassowrd">
    <failure type="org.openqa.selenium.SessionNotCreatedException" message="session not created exception
from tab crashed
  (Session info: chrome=62.0.3202.94)
  (Driver info: chromedriver=2.33.506120 (e3e53437346286c0bc2d2dc9aa4915ba81d9023f),platform=Windows NT 10.0.14393 x86_64) (WARNING: The server did not provide any stacktrace information)
Command duration or timeout: 8.70 seconds
Build info: version: &amp;apos;3.4.0&amp;apos;, revision: &amp;apos;unknown&amp;apos;, time: &amp;apos;unknown&amp;apos;
System info: host: &amp;apos;ZIPLSY1664&amp;apos;, ip: &amp;apos;192.168.2.176&amp;apos;, os.name: &amp;apos;Windows 10&amp;apos;, os.arch: &amp;apos;amd64&amp;apos;, os.version: &amp;apos;10.0&amp;apos;, java.version: &amp;apos;1.8.0_121&amp;apos;
Driver info: driver.version: ChromeDriver">
      <![CDATA[org.openqa.selenium.SessionNotCreatedException: session not created exception
from tab crashed
  (Session info: chrome=62.0.3202.94)
  (Driver info: chromedriver=2.33.506120 (e3e53437346286c0bc2d2dc9aa4915ba81d9023f),platform=Windows NT 10.0.14393 x86_64) (WARNING: The server did not provide any stacktrace information)
Command duration or timeout: 8.70 seconds
Build info: version: '3.4.0', revision: 'unknown', time: 'unknown'
System info: host: 'ZIPLSY1664', ip: '192.168.2.176', os.name: 'Windows 10', os.arch: 'amd64', os.version: '10.0', java.version: '1.8.0_121'
Driver info: driver.version: ChromeDriver
	at org.openqa.selenium.remote.ErrorHandler.createThrowable(ErrorHandler.java:215)
	at org.openqa.selenium.remote.ErrorHandler.throwIfResponseFailed(ErrorHandler.java:167)
	at org.openqa.selenium.remote.JsonWireProtocolResponse.lambda$new$0(JsonWireProtocolResponse.java:53)
	at org.openqa.selenium.remote.JsonWireProtocolResponse.lambda$getResponseFunction$2(JsonWireProtocolResponse.java:91)
	at org.openqa.selenium.remote.ProtocolHandshake.lambda$createSession$22(ProtocolHandshake.java:365)
	at java.util.stream.ReferencePipeline$3$1.accept(Unknown Source)
	at java.util.Spliterators$ArraySpliterator.tryAdvance(Unknown Source)
	at java.util.stream.ReferencePipeline.forEachWithCancel(Unknown Source)
	at java.util.stream.AbstractPipeline.copyIntoWithCancel(Unknown Source)
	at java.util.stream.AbstractPipeline.copyInto(Unknown Source)
	at java.util.stream.AbstractPipeline.wrapAndCopyInto(Unknown Source)
	at java.util.stream.FindOps$FindOp.evaluateSequential(Unknown Source)
	at java.util.stream.AbstractPipeline.evaluate(Unknown Source)
	at java.util.stream.ReferencePipeline.findFirst(Unknown Source)
	at org.openqa.selenium.remote.ProtocolHandshake.createSession(ProtocolHandshake.java:368)
	at org.openqa.selenium.remote.ProtocolHandshake.createSession(ProtocolHandshake.java:159)
	at org.openqa.selenium.remote.HttpCommandExecutor.execute(HttpCommandExecutor.java:142)
	at org.openqa.selenium.remote.service.DriverCommandExecutor.execute(DriverCommandExecutor.java:82)
	at org.openqa.selenium.remote.RemoteWebDriver.execute(RemoteWebDriver.java:637)
	at org.openqa.selenium.remote.RemoteWebDriver.startSession(RemoteWebDriver.java:250)
	at org.openqa.selenium.remote.RemoteWebDriver.startSession(RemoteWebDriver.java:236)
	at org.openqa.selenium.remote.RemoteWebDriver.<init>(RemoteWebDriver.java:137)
	at org.openqa.selenium.chrome.ChromeDriver.<init>(ChromeDriver.java:184)
	at org.openqa.selenium.chrome.ChromeDriver.<init>(ChromeDriver.java:171)
	at org.openqa.selenium.chrome.ChromeDriver.<init>(ChromeDriver.java:158)
	at DeltaxRegistration.Delatx_registartiongForm.testBase.TestBase.selectBrowser(TestBase.java:88)
	at DeltaxRegistration.Delatx_registartiongForm.testBase.TestBase.init(TestBase.java:70)
	at DeltaxRegistration.Delatx_registartiongForm.Registration.Tc_003_VerifyRegistrationForIncorrectConfirmPassowrd.setup(Tc_003_VerifyRegistrationForIncorrectConfirmPassowrd.java:21)
... Removed 27 stack frames]]>
    </failure>
  </testcase> <!-- @BeforeTest setup -->
  <testcase name="@BeforeTest setup" time="0.0" classname="DeltaxRegistration.Delatx_registartiongForm.Registration.Tc_004_VerifyRegistrationWithSpecialChracters">
    <skipped/>
  </testcase> <!-- @BeforeTest setup -->
  <testcase name="@BeforeTest setup" time="0.0" classname="DeltaxRegistration.Delatx_registartiongForm.Registration.Tc_00_VerifyRegistrationwithValiddata">
    <skipped/>
  </testcase> <!-- @BeforeTest setup -->
  <testcase name="@BeforeMethod beforeMethod" time="0.0" classname="DeltaxRegistration.Delatx_registartiongForm.testBase.TestBase">
    <skipped/>
  </testcase> <!-- @BeforeMethod beforeMethod -->
  <testcase name="@AfterMethod afterMethod" time="0.0" classname="DeltaxRegistration.Delatx_registartiongForm.testBase.TestBase">
    <skipped/>
  </testcase> <!-- @AfterMethod afterMethod -->
  <testcase name="@BeforeMethod beforeMethod" time="0.0" classname="DeltaxRegistration.Delatx_registartiongForm.testBase.TestBase">
    <skipped/>
  </testcase> <!-- @BeforeMethod beforeMethod -->
  <testcase name="@AfterMethod afterMethod" time="0.0" classname="DeltaxRegistration.Delatx_registartiongForm.testBase.TestBase">
    <skipped/>
  </testcase> <!-- @AfterMethod afterMethod -->
  <testcase name="@BeforeMethod beforeMethod" time="0.0" classname="DeltaxRegistration.Delatx_registartiongForm.testBase.TestBase">
    <skipped/>
  </testcase> <!-- @BeforeMethod beforeMethod -->
  <testcase name="@AfterMethod afterMethod" time="0.0" classname="DeltaxRegistration.Delatx_registartiongForm.testBase.TestBase">
    <skipped/>
  </testcase> <!-- @AfterMethod afterMethod -->
  <testcase name="@BeforeMethod beforeMethod" time="0.0" classname="DeltaxRegistration.Delatx_registartiongForm.testBase.TestBase">
    <skipped/>
  </testcase> <!-- @BeforeMethod beforeMethod -->
  <testcase name="@AfterMethod afterMethod" time="0.0" classname="DeltaxRegistration.Delatx_registartiongForm.testBase.TestBase">
    <skipped/>
  </testcase> <!-- @AfterMethod afterMethod -->
  <testcase name="@BeforeMethod beforeMethod" time="0.0" classname="DeltaxRegistration.Delatx_registartiongForm.testBase.TestBase">
    <skipped/>
  </testcase> <!-- @BeforeMethod beforeMethod -->
  <testcase name="@AfterMethod afterMethod" time="0.0" classname="DeltaxRegistration.Delatx_registartiongForm.testBase.TestBase">
    <skipped/>
  </testcase> <!-- @AfterMethod afterMethod -->
  <testcase name="@BeforeMethod beforeMethod" time="0.0" classname="DeltaxRegistration.Delatx_registartiongForm.testBase.TestBase">
    <skipped/>
  </testcase> <!-- @BeforeMethod beforeMethod -->
  <testcase name="@AfterMethod afterMethod" time="0.0" classname="DeltaxRegistration.Delatx_registartiongForm.testBase.TestBase">
    <skipped/>
  </testcase> <!-- @AfterMethod afterMethod -->
  <testcase name="@AfterTest endTest" time="0.0" classname="DeltaxRegistration.Delatx_registartiongForm.Registration.TC_001_VerifyRegistrationWithSameEmailID">
    <skipped/>
  </testcase> <!-- @AfterTest endTest -->
  <testcase name="@AfterTest endTest" time="0.0" classname="DeltaxRegistration.Delatx_registartiongForm.Registration.Tc_002_VerifyRegistrationWithInvalidData">
    <skipped/>
  </testcase> <!-- @AfterTest endTest -->
  <testcase name="@AfterTest endTest" time="0.0" classname="DeltaxRegistration.Delatx_registartiongForm.Registration.Tc_003_VerifyRegistrationForIncorrectConfirmPassowrd">
    <skipped/>
  </testcase> <!-- @AfterTest endTest -->
  <testcase name="@AfterTest endTest" time="0.0" classname="DeltaxRegistration.Delatx_registartiongForm.Registration.Tc_004_VerifyRegistrationWithSpecialChracters">
    <skipped/>
  </testcase> <!-- @AfterTest endTest -->
  <testcase name="@AfterTest endTest" time="0.0" classname="DeltaxRegistration.Delatx_registartiongForm.Registration.Tc_00_VerifyRegistrationwithValiddata">
    <skipped/>
  </testcase> <!-- @AfterTest endTest -->
  <testcase name="VerifyRegistrationwithValiddata" time="0.0" classname="DeltaxRegistration.Delatx_registartiongForm.Registration.Tc_003_VerifyRegistrationForIncorrectConfirmPassowrd">
    <skipped/>
  </testcase> <!-- VerifyRegistrationwithValiddata -->
  <testcase name="VerifyRegistrationwithValiddata" time="0.001" classname="DeltaxRegistration.Delatx_registartiongForm.Registration.Tc_004_VerifyRegistrationWithSpecialChracters">
    <skipped/>
  </testcase> <!-- VerifyRegistrationwithValiddata -->
  <testcase name="VerifyRegistrationwithValiddata" time="0.001" classname="DeltaxRegistration.Delatx_registartiongForm.Registration.Tc_002_VerifyRegistrationWithInvalidData">
    <skipped/>
  </testcase> <!-- VerifyRegistrationwithValiddata -->
  <testcase name="verifyRegistrationWithSameEmailID" time="0.002" classname="DeltaxRegistration.Delatx_registartiongForm.Registration.TC_001_VerifyRegistrationWithSameEmailID">
    <skipped/>
  </testcase> <!-- verifyRegistrationWithSameEmailID -->
  <testcase name="VerifyRegistrationwithValiddata" time="0.001" classname="DeltaxRegistration.Delatx_registartiongForm.Registration.Tc_00_VerifyRegistrationwithValiddata">
    <skipped/>
  </testcase> <!-- VerifyRegistrationwithValiddata -->
  <testcase name="VerifyRegistrationwithValiddata" time="0.0" classname="DeltaxRegistration.Delatx_registartiongForm.Registration.Tc_00_VerifyRegistrationwithValiddata">
    <skipped/>
  </testcase> <!-- VerifyRegistrationwithValiddata -->
</testsuite> <!-- Registration_Form_Test_Suite -->
