<html>
<head>
<title>TestNG:  Test_2</title>
<link href="../testng.css" rel="stylesheet" type="text/css" />
<link href="../my-testng.css" rel="stylesheet" type="text/css" />

<style type="text/css">
.log { display: none;} 
.stack-trace { display: none;} 
</style>
<script type="text/javascript">
<!--
function flip(e) {
  current = e.style.display;
  if (current == 'block') {
    e.style.display = 'none';
    return 0;
  }
  else {
    e.style.display = 'block';
    return 1;
  }
}

function toggleBox(szDivId, elem, msg1, msg2)
{
  var res = -1;  if (document.getElementById) {
    res = flip(document.getElementById(szDivId));
  }
  else if (document.all) {
    // this is the way old msie versions work
    res = flip(document.all[szDivId]);
  }
  if(elem) {
    if(res == 0) elem.innerHTML = msg1; else elem.innerHTML = msg2;
  }

}

function toggleAllBoxes() {
  if (document.getElementsByTagName) {
    d = document.getElementsByTagName('div');
    for (i = 0; i < d.length; i++) {
      if (d[i].className == 'log') {
        flip(d[i]);
      }
    }
  }
}

// -->
</script>

</head>
<body>
<h2 align='center'>Test_2</h2><table border='1' align="center">
<tr>
<td>Tests passed/Failed/Skipped:</td><td>0/1/0</td>
</tr><tr>
<td>Started on:</td><td>Tue Nov 28 12:57:39 IST 2017</td>
</tr>
<tr><td>Total time:</td><td>9 seconds (9454 ms)</td>
</tr><tr>
<td>Included groups:</td><td></td>
</tr><tr>
<td>Excluded groups:</td><td></td>
</tr>
</table><p/>
<small><i>(Hover the method name to see the test class name)</i></small><p/>
<table width='100%' border='1' class='invocation-failed'>
<tr><td colspan='4' align='center'><b>FAILED TESTS</b></td></tr>
<tr><td><b>Test method</b></td>
<td width="30%"><b>Exception</b></td>
<td width="10%"><b>Time (seconds)</b></td>
<td><b>Instance</b></td>
</tr>
<tr>
<td title='DeltaxRegistration.Delatx_registartiongForm.Registration.TC_001_VerifyRegistrationWithSameEmailID.verifyRegistrationWithSameEmailID()'><b>verifyRegistrationWithSameEmailID</b><br>Test class: DeltaxRegistration.Delatx_registartiongForm.Registration.TC_001_VerifyRegistrationWithSameEmailID<br>Parameters: aaa, aaaa, aarti.kulkarni3, aarti.kulkarni3, aarti.kulkarni3, Engineering, aartikulkarni25@yahoo.com, 9.503504845E9<br/>
<a href="#Output-653345773" onClick='toggleBox("Output-653345773", this, "Show output", "Hide output");'>Show output</a>

<a href="#Output-653345773" onClick="toggleAllBoxes();">Show all outputs</a>
<div class='log' id="Output-653345773">
==============  Starting TC_001_VerifyRegistrationWithSameEmailID===============<br/>
Register user with userId data<br/>
Filling  user details where  already used EmailId is given and it is:aartikulkarni25@yahoo.com<br/>
entered first name and object is:[[ChromeDriver: chrome on XP (c2c0148a428dda7569e0a065fe4c4fdc)] -> name: first_name]<br/>
entered last name and object is:[[ChromeDriver: chrome on XP (c2c0148a428dda7569e0a065fe4c4fdc)] -> name: last_name]<br/>
entered user name and object is:[[ChromeDriver: chrome on XP (c2c0148a428dda7569e0a065fe4c4fdc)] -> name: user_name]<br/>
entered user password and object is:[[ChromeDriver: chrome on XP (c2c0148a428dda7569e0a065fe4c4fdc)] -> name: user_password]<br/>
entered confirm user password and object is:[[ChromeDriver: chrome on XP (c2c0148a428dda7569e0a065fe4c4fdc)] -> name: confirm_password]<br/>
entered confirm email  and object is:[[ChromeDriver: chrome on XP (c2c0148a428dda7569e0a065fe4c4fdc)] -> name: email]<br/>
entered contact no  and object is:[[ChromeDriver: chrome on XP (c2c0148a428dda7569e0a065fe4c4fdc)] -> name: contact_no]<br/>
Submitting Registration Form<br/>
submit button is not enabled<br/>
</div>
</td>
<td><div><pre>java.lang.AssertionError: expected [false] but found [true]
	at DeltaxRegistration.Delatx_registartiongForm.Registration.TC_001_VerifyRegistrationWithSameEmailID.verifyRegistrationWithSameEmailID(TC_001_VerifyRegistrationWithSameEmailID.java:52)
... Removed 31 stack frames</pre></div><a href='#' onClick='toggleBox("stack-trace653345773", this, "Click to show all stack frames", "Click to hide stack frames")'>Click to show all stack frames</a>
<div class='stack-trace' id='stack-trace653345773'><pre>java.lang.AssertionError: expected [false] but found [true]
	at org.testng.Assert.fail(Assert.java:94)
	at org.testng.Assert.failNotEquals(Assert.java:513)
	at org.testng.Assert.assertEqualsImpl(Assert.java:135)
	at org.testng.Assert.assertEquals(Assert.java:116)
	at org.testng.Assert.assertEquals(Assert.java:305)
	at org.testng.Assert.assertEquals(Assert.java:315)
	at DeltaxRegistration.Delatx_registartiongForm.Registration.TC_001_VerifyRegistrationWithSameEmailID.verifyRegistrationWithSameEmailID(TC_001_VerifyRegistrationWithSameEmailID.java:52)
	at sun.reflect.NativeMethodAccessorImpl.invoke0(Native Method)
	at sun.reflect.NativeMethodAccessorImpl.invoke(Unknown Source)
	at sun.reflect.DelegatingMethodAccessorImpl.invoke(Unknown Source)
	at java.lang.reflect.Method.invoke(Unknown Source)
	at org.testng.internal.MethodInvocationHelper.invokeMethod(MethodInvocationHelper.java:104)
	at org.testng.internal.Invoker.invokeMethod(Invoker.java:645)
	at org.testng.internal.Invoker.invokeTestMethod(Invoker.java:851)
	at org.testng.internal.Invoker.invokeTestMethods(Invoker.java:1177)
	at org.testng.internal.TestMethodWorker.invokeTestMethods(TestMethodWorker.java:129)
	at org.testng.internal.TestMethodWorker.run(TestMethodWorker.java:112)
	at org.testng.TestRunner.privateRun(TestRunner.java:756)
	at org.testng.TestRunner.run(TestRunner.java:610)
	at org.testng.SuiteRunner.runTest(SuiteRunner.java:387)
	at org.testng.SuiteRunner.runSequentially(SuiteRunner.java:382)
	at org.testng.SuiteRunner.privateRun(SuiteRunner.java:340)
	at org.testng.SuiteRunner.run(SuiteRunner.java:289)
	at org.testng.SuiteRunnerWorker.runSuite(SuiteRunnerWorker.java:52)
	at org.testng.SuiteRunnerWorker.run(SuiteRunnerWorker.java:86)
	at org.testng.TestNG.runSuitesSequentially(TestNG.java:1293)
	at org.testng.TestNG.runSuitesLocally(TestNG.java:1218)
	at org.testng.TestNG.runSuites(TestNG.java:1133)
	at org.testng.TestNG.run(TestNG.java:1104)
	at org.testng.remote.AbstractRemoteTestNG.run(AbstractRemoteTestNG.java:132)
	at org.testng.remote.RemoteTestNG.initAndRun(RemoteTestNG.java:230)
	at org.testng.remote.RemoteTestNG.main(RemoteTestNG.java:76)
</pre></div></td>
<td>2</td>
<td>DeltaxRegistration.Delatx_registartiongForm.Registration.TC_001_VerifyRegistrationWithSameEmailID@68bbe345</td></tr>
</table><p>
</body>
</html>